<?xml version="1.0" encoding="UTF-8"?>
<testsuite name="com.bridgelabz.addressbook.AddressBookTest" tests="1" skipped="0" failures="0" errors="0" timestamp="2019-12-05T12:46:01" hostname="admin165-desktop" time="0.135">
  <properties/>
  <testcase name="givenPersonPhoneNumber_EditPersonAddress_ButPersonPhoneNumberDoesNotExit_shouldReturnOne" classname="com.bridgelabz.addressbook.AddressBookTest" time="0.135"/>
  <system-out><![CDATA[]]></system-out>
  <system-err><![CDATA[]]></system-err>
</testsuite>
