<?xml version="1.0" encoding="UTF-8"?>
<testsuite name="com.bridgelabz.addressbook.AddressBookTest" tests="1" skipped="0" failures="0" errors="0" timestamp="2019-12-06T13:55:58" hostname="admin165-desktop" time="0.127">
  <properties/>
  <testcase name="addPerson_inAddressBook_shouldReturnPerson" classname="com.bridgelabz.addressbook.AddressBookTest" time="0.127"/>
  <system-out><![CDATA[]]></system-out>
  <system-err><![CDATA[]]></system-err>
</testsuite>
