<?xml version="1.0" encoding="UTF-8"?>
<testsuite name="com.bridgelabz.addressbook.AddressBookTest" tests="1" skipped="0" failures="0" errors="0" timestamp="2019-12-05T12:53:35" hostname="admin165-desktop" time="1.228">
  <properties/>
  <testcase name="givenPersonNumber_EditAddressSuccessfully_shouldReturnOne" classname="com.bridgelabz.addressbook.AddressBookTest" time="1.228"/>
  <system-out><![CDATA[]]></system-out>
  <system-err><![CDATA[]]></system-err>
</testsuite>
